<?xml version="1.0" encoding="UTF-8"?>
<robot generator="Robot 3.2.2 (Python 3.7.9 on win32)" generated="20210126 12:51:39.091" rpa="false">
<suite id="s1" name="TestSitePractice" source="C:\Users\WICTOR\PycharmProjects\RPA\robot-framework-adv\tasks\sitePracticePO\suiteSitePO\tests\TestSitePractice.robot">
<test id="s1-t1" name="Caso de Teste com PO 02: Adicionar Cliente">
<kw name="Abrir navegador" library="Resource" type="setup">
<kw name="Open Browser" library="SeleniumLibrary">
<doc>Opens a new browser instance to the optional ``url``.</doc>
<arguments>
<arg>about:blank</arg>
<arg>${BROWSER}</arg>
</arguments>
<msg timestamp="20210126 12:51:40.031" level="INFO">Opening browser 'firefox' to base url 'about:blank'.</msg>
<msg timestamp="20210126 12:51:40.045" level="INFO">Firefox driver log is always forced to to: C:\Users\WICTOR\PycharmProjects\RPA\robot-framework-adv\tasks\results\geckodriver-39.log</msg>
<status status="PASS" starttime="20210126 12:51:40.030" endtime="20210126 12:51:57.791"></status>
</kw>
<status status="PASS" starttime="20210126 12:51:40.028" endtime="20210126 12:51:57.791"></status>
</kw>
<kw name="Acessar a página home do site" library="Home">
<kw name="Go To" library="SeleniumLibrary">
<doc>Navigates the current browser window to the provided ``url``.</doc>
<arguments>
<arg>${HOME_URL}</arg>
</arguments>
<msg timestamp="20210126 12:51:57.832" level="INFO">Opening url 'http://automationpractice.com'</msg>
<status status="PASS" starttime="20210126 12:51:57.831" endtime="20210126 12:52:04.940"></status>
</kw>
<kw name="Wait Until Element Is Visible" library="SeleniumLibrary">
<doc>Waits until the element ``locator`` is visible.</doc>
<arguments>
<arg>${HOME_TOPMENU}</arg>
</arguments>
<status status="PASS" starttime="20210126 12:52:04.941" endtime="20210126 12:52:05.360"></status>
</kw>
<kw name="Title Should Be" library="SeleniumLibrary">
<doc>Verifies that the current page title equals ``title``.</doc>
<arguments>
<arg>${HOME_TITLE}</arg>
</arguments>
<msg timestamp="20210126 12:52:05.374" level="INFO">Page title is 'My Store'.</msg>
<status status="PASS" starttime="20210126 12:52:05.361" endtime="20210126 12:52:05.374"></status>
</kw>
<status status="PASS" starttime="20210126 12:51:57.829" endtime="20210126 12:52:05.375"></status>
</kw>
<kw name="Clicar no botão superior direito “Sign in”" library="Home">
<kw name="Wait Until Element Is Visible" library="SeleniumLibrary">
<doc>Waits until the element ``locator`` is visible.</doc>
<arguments>
<arg>${home_login}</arg>
</arguments>
<status status="PASS" starttime="20210126 12:52:05.378" endtime="20210126 12:52:05.486"></status>
</kw>
<kw name="Click Link" library="SeleniumLibrary">
<doc>Clicks a link identified by ``locator``.</doc>
<arguments>
<arg>${home_login}</arg>
</arguments>
<msg timestamp="20210126 12:52:05.488" level="INFO">Clicking link '//*[@id="header"]//a[@class="login"]'.</msg>
<status status="PASS" starttime="20210126 12:52:05.487" endtime="20210126 12:52:08.884"></status>
</kw>
<kw name="Wait Until Element Is Visible" library="SeleniumLibrary">
<doc>Waits until the element ``locator`` is visible.</doc>
<arguments>
<arg>${home_sign}</arg>
</arguments>
<status status="PASS" starttime="20210126 12:52:08.885" endtime="20210126 12:52:09.026"></status>
</kw>
<status status="PASS" starttime="20210126 12:52:05.377" endtime="20210126 12:52:09.027"></status>
</kw>
<kw name="Informar um e-mail válido" library="cadaster">
<kw name="Novo email" library="cadaster">
<arguments>
<arg>${CADASTER_FIELDS.firstname}</arg>
<arg>${CADASTER_FIELDS.lastname}</arg>
</arguments>
<assign>
<var>${NEW_EMAIL}</var>
</assign>
<kw name="Generate Random String" library="String">
<doc>Generates a string with a desired ``length`` from the given ``chars``.</doc>
<assign>
<var>${RANDOM_STRING}</var>
</assign>
<msg timestamp="20210126 12:52:09.036" level="INFO">${RANDOM_STRING} = T2b4S2ZK</msg>
<status status="PASS" starttime="20210126 12:52:09.035" endtime="20210126 12:52:09.036"></status>
</kw>
<kw name="Set Variable" library="BuiltIn">
<doc>Returns the given values which can then be assigned to a variables.</doc>
<arguments>
<arg>${NOME}${SOBRENOME}${RANDOM_STRING}@email.com</arg>
</arguments>
<assign>
<var>${CUSTOM_EMAIL}</var>
</assign>
<msg timestamp="20210126 12:52:09.039" level="INFO">${CUSTOM_EMAIL} = WictorGomesT2b4S2ZK@email.com</msg>
<status status="PASS" starttime="20210126 12:52:09.037" endtime="20210126 12:52:09.039"></status>
</kw>
<msg timestamp="20210126 12:52:09.040" level="INFO">${NEW_EMAIL} = WictorGomesT2b4S2ZK@email.com</msg>
<status status="PASS" starttime="20210126 12:52:09.032" endtime="20210126 12:52:09.040"></status>
</kw>
<kw name="Input Text" library="SeleniumLibrary">
<doc>Types the given ``text`` into the text field identified by ``locator``.</doc>
<arguments>
<arg>name=email_create</arg>
<arg>${NEW_EMAIL}</arg>
</arguments>
<msg timestamp="20210126 12:52:09.042" level="INFO">Typing text 'WictorGomesT2b4S2ZK@email.com' into text field 'name=email_create'.</msg>
<status status="PASS" starttime="20210126 12:52:09.041" endtime="20210126 12:52:09.266"></status>
</kw>
<status status="PASS" starttime="20210126 12:52:09.031" endtime="20210126 12:52:09.267"></status>
</kw>
<kw name="Clicar no botão &quot;Create na account&quot;" library="cadaster">
<kw name="Click Button" library="SeleniumLibrary">
<doc>Clicks the button identified by ``locator``.</doc>
<arguments>
<arg>${cadaster_btn_submitCreate}</arg>
</arguments>
<msg timestamp="20210126 12:52:09.274" level="INFO">Clicking button '//*[@id="SubmitCreate"]'.</msg>
<status status="PASS" starttime="20210126 12:52:09.273" endtime="20210126 12:52:09.719"></status>
</kw>
<kw name="Wait Until Element Is Visible" library="SeleniumLibrary">
<doc>Waits until the element ``locator`` is visible.</doc>
<arguments>
<arg>${cadaster_gender}</arg>
<arg>10s</arg>
</arguments>
<status status="PASS" starttime="20210126 12:52:09.721" endtime="20210126 12:52:11.977"></status>
</kw>
<kw name="Wait Until Element Is Visible" library="SeleniumLibrary">
<doc>Waits until the element ``locator`` is visible.</doc>
<arguments>
<arg>${cadaster_first_name}</arg>
<arg>10s</arg>
</arguments>
<status status="PASS" starttime="20210126 12:52:11.977" endtime="20210126 12:52:12.072"></status>
</kw>
<kw name="Wait Until Element Is Visible" library="SeleniumLibrary">
<doc>Waits until the element ``locator`` is visible.</doc>
<arguments>
<arg>${cadaster_last_name}</arg>
<arg>10s</arg>
</arguments>
<status status="PASS" starttime="20210126 12:52:12.072" endtime="20210126 12:52:12.182"></status>
</kw>
<kw name="Wait Until Element Is Visible" library="SeleniumLibrary">
<doc>Waits until the element ``locator`` is visible.</doc>
<arguments>
<arg>${cadaster_email}</arg>
<arg>10s</arg>
</arguments>
<status status="PASS" starttime="20210126 12:52:12.182" endtime="20210126 12:52:12.260"></status>
</kw>
<kw name="Wait Until Element Is Visible" library="SeleniumLibrary">
<doc>Waits until the element ``locator`` is visible.</doc>
<arguments>
<arg>${cadaster_pwd}</arg>
<arg>10s</arg>
</arguments>
<status status="PASS" starttime="20210126 12:52:12.262" endtime="20210126 12:52:12.612"></status>
</kw>
<kw name="Wait Until Element Is Visible" library="SeleniumLibrary">
<doc>Waits until the element ``locator`` is visible.</doc>
<arguments>
<arg>${cadaster_days}</arg>
<arg>10s</arg>
</arguments>
<kw name="Capture Page Screenshot" library="SeleniumLibrary">
<doc>Takes a screenshot of the current page and embeds it into a log file.</doc>
<msg timestamp="20210126 12:52:23.023" level="INFO" html="yes">&lt;/td&gt;&lt;/tr&gt;&lt;tr&gt;&lt;td colspan="3"&gt;&lt;a href="selenium-screenshot-22.png"&gt;&lt;img src="selenium-screenshot-22.png" width="800px"&gt;&lt;/a&gt;</msg>
<status status="PASS" starttime="20210126 12:52:22.691" endtime="20210126 12:52:23.023"></status>
</kw>
<msg timestamp="20210126 12:52:23.092" level="FAIL">Element '//*[@id="days"]' not visible after 10 seconds.</msg>
<status status="FAIL" starttime="20210126 12:52:12.612" endtime="20210126 12:52:23.092"></status>
</kw>
<status status="FAIL" starttime="20210126 12:52:09.270" endtime="20210126 12:52:23.092"></status>
</kw>
<kw name="Fechar navegador" library="Resource" type="teardown">
<kw name="Close Browser" library="SeleniumLibrary">
<doc>Closes the current browser.</doc>
<status status="PASS" starttime="20210126 12:52:23.092" endtime="20210126 12:52:26.877"></status>
</kw>
<status status="PASS" starttime="20210126 12:52:23.092" endtime="20210126 12:52:26.877"></status>
</kw>
<tags>
<tag>exercise</tag>
</tags>
<status status="FAIL" starttime="20210126 12:51:40.024" endtime="20210126 12:52:26.877" critical="yes">Element '//*[@id="days"]' not visible after 10 seconds.</status>
</test>
<status status="FAIL" starttime="20210126 12:51:39.117" endtime="20210126 12:52:26.893"></status>
</suite>
<statistics>
<total>
<stat pass="0" fail="1">Critical Tests</stat>
<stat pass="0" fail="1">All Tests</stat>
</total>
<tag>
<stat pass="0" fail="1">exercise</stat>
</tag>
<suite>
<stat pass="0" fail="1" id="s1" name="TestSitePractice">TestSitePractice</stat>
</suite>
</statistics>
<errors>
</errors>
</robot>
