<?xml version="1.0" encoding="UTF-8"?>
<robot generator="Robot 3.2.2 (Python 3.7.9 on win32)" generated="20210123 11:42:06.753" rpa="false">
<suite id="s1" name="Process" source="C:\Users\WICTOR\PycharmProjects\RPA\robot-framework-adv\training\process.robot">
<test id="s1-t1" name="example 03: execute much command in prompt">
<kw name="execute much command in prompt">
<kw name="Run Process" library="Process">
<doc>Runs a process and waits for it to complete.</doc>
<arguments>
<arg>mkdir imunekids_test</arg>
<arg>cwd=C:\\Users\\WICTOR\\PycharmProjects\\RPA\\robot-framework-adv\\training</arg>
<arg>shell=True</arg>
</arguments>
<msg timestamp="20210123 11:42:06.811" level="INFO">Starting process:
mkdir imunekids_test</msg>
<msg timestamp="20210123 11:42:06.827" level="INFO">Waiting for process to complete.</msg>
<msg timestamp="20210123 11:42:06.858" level="INFO">Process completed.</msg>
<status status="PASS" starttime="20210123 11:42:06.811" endtime="20210123 11:42:06.858"></status>
</kw>
<status status="PASS" starttime="20210123 11:42:06.811" endtime="20210123 11:42:06.858"></status>
</kw>
<tags>
<tag>03</tag>
</tags>
<status status="PASS" starttime="20210123 11:42:06.811" endtime="20210123 11:42:06.858" critical="yes"></status>
</test>
<doc>http://robotframework.org/robotframework/latest/libraries/Process.html</doc>
<status status="PASS" starttime="20210123 11:42:06.757" endtime="20210123 11:42:06.858"></status>
</suite>
<statistics>
<total>
<stat pass="1" fail="0">Critical Tests</stat>
<stat pass="1" fail="0">All Tests</stat>
</total>
<tag>
<stat pass="1" fail="0">03</stat>
</tag>
<suite>
<stat pass="1" fail="0" id="s1" name="Process">Process</stat>
</suite>
</statistics>
<errors>
</errors>
</robot>
