<?xml version="1.0" encoding="UTF-8"?>
<robot generator="Robot 3.2.2 (Python 3.7.9 on win32)" generated="20210126 08:45:31.305" rpa="false">
<suite id="s1" name="Valuedolar" source="C:\Users\WICTOR\PycharmProjects\RPA\robot-framework-adv\tasks\valuedolar.robot">
<test id="s1-t1" name="test case 01: dollar today">
<kw name="checking the price of dollar">
<kw name="Today Dollar" library="valueDolar">
<assign>
<var>${dollar}</var>
</assign>
<msg timestamp="20210126 08:45:58.783" level="INFO">5,47 | 2021-01-26 08:45:55.005384</msg>
<msg timestamp="20210126 08:45:58.783" level="INFO">${dollar} = 5,47</msg>
<status status="PASS" starttime="20210126 08:45:31.727" endtime="20210126 08:45:58.783"></status>
</kw>
<kw name="Set Global Variable" library="BuiltIn">
<doc>Makes a variable available globally in all tests and suites.</doc>
<arguments>
<arg>${dollar}</arg>
</arguments>
<assign>
<var>${dollar}</var>
</assign>
<msg timestamp="20210126 08:45:58.783" level="INFO">${dollar} = 5,47</msg>
<msg timestamp="20210126 08:45:58.783" level="INFO">${dollar} = None</msg>
<status status="PASS" starttime="20210126 08:45:58.783" endtime="20210126 08:45:58.783"></status>
</kw>
<status status="PASS" starttime="20210126 08:45:31.727" endtime="20210126 08:45:58.783"></status>
</kw>
<status status="PASS" starttime="20210126 08:45:31.727" endtime="20210126 08:45:58.799" critical="yes"></status>
</test>
<test id="s1-t2" name="test case 02: dollar for real">
<kw name="converting dollar for real">
<kw name="Dollar Cannadian" library="valueDolar">
<assign>
<var>${dollar_c}</var>
</assign>
<msg timestamp="20210126 08:46:31.552" level="INFO">4,29 | 2021-01-26 08:46:28.924739</msg>
<msg timestamp="20210126 08:46:31.552" level="INFO">${dollar_c} = 4,29</msg>
<status status="PASS" starttime="20210126 08:45:58.799" endtime="20210126 08:46:31.552"></status>
</kw>
<kw name="Log" library="BuiltIn">
<doc>Logs the given message with the given level.</doc>
<arguments>
<arg>${dollar_c}</arg>
</arguments>
<msg timestamp="20210126 08:46:31.552" level="INFO">4,29</msg>
<status status="PASS" starttime="20210126 08:46:31.552" endtime="20210126 08:46:31.552"></status>
</kw>
<status status="PASS" starttime="20210126 08:45:58.799" endtime="20210126 08:46:31.552"></status>
</kw>
<status status="PASS" starttime="20210126 08:45:58.799" endtime="20210126 08:46:31.552" critical="yes"></status>
</test>
<status status="PASS" starttime="20210126 08:45:31.305" endtime="20210126 08:46:31.568"></status>
</suite>
<statistics>
<total>
<stat pass="2" fail="0">Critical Tests</stat>
<stat pass="2" fail="0">All Tests</stat>
</total>
<tag>
</tag>
<suite>
<stat pass="2" fail="0" id="s1" name="Valuedolar">Valuedolar</stat>
</suite>
</statistics>
<errors>
</errors>
</robot>
